<?xml version="1.0" encoding="UTF-8"?>
<testng-results ignored="0" total="1" passed="1" failed="0" skipped="0">
  <reporter-output>
  </reporter-output>
  <suite started-at="2026-05-11T13:55:48 IST" name="Default suite" finished-at="2026-05-11T13:56:18 IST" duration-ms="30430">
    <groups>
    </groups>
    <test started-at="2026-05-11T13:55:48 IST" name="Default test" finished-at="2026-05-11T13:56:18 IST" duration-ms="30430">
      <class name="testing.Testdemo">
        <test-method signature="launchurl()[pri:0, instance:testing.Testdemo@179ece50]" started-at="2026-05-11T13:55:48 IST" name="launchurl" finished-at="2026-05-11T13:56:18 IST" duration-ms="30367" status="PASS">
          <reporter-output>
          </reporter-output>
        </test-method> <!-- launchurl -->
      </class> <!-- testing.Testdemo -->
    </test> <!-- Default test -->
  </suite> <!-- Default suite -->
</testng-results>
