<?xml version="1.0" encoding="UTF-8"?>
<testng-results ignored="0" total="1" passed="1" failed="0" skipped="0">
  <reporter-output>
  </reporter-output>
  <suite started-at="2026-05-13T13:16:30 IST" name="Default suite" finished-at="2026-05-13T13:16:35 IST" duration-ms="4592">
    <groups>
    </groups>
    <test started-at="2026-05-13T13:16:30 IST" name="Default test" finished-at="2026-05-13T13:16:35 IST" duration-ms="4592">
      <class name="testing.Testdemo">
        <test-method signature="launchurl()[pri:0, instance:testing.Testdemo@62ddbd7e]" started-at="2026-05-13T13:16:30 IST" name="launchurl" finished-at="2026-05-13T13:16:35 IST" duration-ms="4541" status="PASS">
          <reporter-output>
          </reporter-output>
        </test-method> <!-- launchurl -->
      </class> <!-- testing.Testdemo -->
    </test> <!-- Default test -->
  </suite> <!-- Default suite -->
</testng-results>
